<?xml version="1.0" encoding="UTF-8"?>
<!-- Generated by org.testng.reporters.JUnitReportReporter -->
<testsuite hostname="DESKTOP-AL97APC" failures="0" tests="3" name="runners.Run_login" time="43.930" errors="0" timestamp="2023-03-10T05:55:36 EET" skipped="0">
  <testcase classname="runners.Run_login" name="runScenario" time="13.028"/>
  <system-out/>
  <testcase classname="runners.Run_login" name="runScenario" time="14.868"/>
  <system-out/>
  <testcase classname="runners.Run_login" name="runScenario" time="16.034"/>
  <system-out/>
</testsuite> <!-- runners.Run_login -->
