<?xml version="1.0" encoding="UTF-8"?>
<!-- Generated by org.testng.reporters.JUnitReportReporter -->
<testsuite hostname="DESKTOP-AL97APC" failures="0" tests="1" name="runners.Run_payment" time="44.925" errors="0" timestamp="2023-03-12T14:42:17 EET" skipped="0">
  <testcase classname="runners.Run_payment" name="runScenario" time="44.925"/>
  <system-out/>
</testsuite> <!-- runners.Run_payment -->
