<?xml version="1.0" encoding="UTF-8"?>
<!-- Generated by org.testng.reporters.JUnitReportReporter -->
<testsuite hostname="DESKTOP-AL97APC" failures="0" tests="3" name="runners.Run_register" time="39.128" errors="0" timestamp="2023-03-10T05:55:36 EET" skipped="0">
  <testcase classname="runners.Run_register" name="runScenario" time="11.836"/>
  <system-out/>
  <testcase classname="runners.Run_register" name="runScenario" time="13.193"/>
  <system-out/>
  <testcase classname="runners.Run_register" name="runScenario" time="14.099"/>
  <system-out/>
</testsuite> <!-- runners.Run_register -->
