<?xml version="1.0" encoding="UTF-8"?>
<!-- Generated by org.testng.reporters.JUnitReportReporter -->
<testsuite hostname="DESKTOP-AL97APC" failures="0" tests="6" name="runners.Run_productDetails" time="102.463" errors="0" timestamp="2023-03-10T05:55:36 EET" skipped="0">
  <testcase classname="runners.Run_productDetails" name="runScenario" time="17.949"/>
  <system-out/>
  <testcase classname="runners.Run_productDetails" name="runScenario" time="15.644"/>
  <system-out/>
  <testcase classname="runners.Run_productDetails" name="runScenario" time="16.063"/>
  <system-out/>
  <testcase classname="runners.Run_productDetails" name="runScenario" time="17.476"/>
  <system-out/>
  <testcase classname="runners.Run_productDetails" name="runScenario" time="17.730"/>
  <system-out/>
  <testcase classname="runners.Run_productDetails" name="runScenario" time="17.601"/>
  <system-out/>
</testsuite> <!-- runners.Run_productDetails -->
