<?xml version="1.0" encoding="UTF-8"?>
<!-- Generated by org.testng.reporters.JUnitReportReporter -->
<testsuite hostname="DESKTOP-AL97APC" failures="0" tests="1" name="runners.Run_review" time="22.964" errors="0" timestamp="2023-03-10T05:55:36 EET" skipped="0">
  <testcase classname="runners.Run_review" name="runScenario" time="22.964"/>
  <system-out/>
</testsuite> <!-- runners.Run_review -->
